{"C:\\Users\\Kevin\\Projetos Kevin\\TaskFlow\\frontend\\src\\api\\axios.js": {"path":"C:\\Users\\Kevin\\Projetos Kevin\\TaskFlow\\frontend\\src\\api\\axios.js","statementMap":{"0":{"start":{"line":3,"column":12},"end":{"line":5,"column":2}},"1":{"start":{"line":7,"column":0},"end":{"line":15,"column":null}},"2":{"start":{"line":8,"column":16},"end":{"line":8,"column":45}},"3":{"start":{"line":10,"column":2},"end":{"line":11,"column":null}},"4":{"start":{"line":11,"column":4},"end":{"line":11,"column":null}},"5":{"start":{"line":14,"column":2},"end":{"line":14,"column":null}}},"fnMap":{"0":{"name":"(anonymous_0)","decl":{"start":{"line":7,"column":25},"end":{"line":7,"column":30}},"loc":{"start":{"line":7,"column":41},"end":{"line":15,"column":null}},"line":7}},"branchMap":{"0":{"loc":{"start":{"line":4,"column":11},"end":{"line":4,"column":null}},"type":"binary-expr","locations":[{"start":{"line":4,"column":11},"end":{"line":4,"column":43}},{"start":{"line":4,"column":43},"end":{"line":4,"column":null}}],"line":4},"1":{"loc":{"start":{"line":10,"column":2},"end":{"line":11,"column":null}},"type":"if","locations":[{"start":{"line":10,"column":2},"end":{"line":11,"column":null}},{"start":{},"end":{}}],"line":10}},"s":{"0":1,"1":1,"2":1,"3":1,"4":0,"5":1},"f":{"0":1},"b":{"0":[1,1],"1":[0,1]},"meta":{"lastBranch":2,"lastFunction":1,"lastStatement":6,"seen":{"s:3:12:5:2":0,"b:4:11:4:43:4:43:4:Infinity":0,"s:7:0:15:Infinity":1,"f:7:25:7:30":0,"s:8:16:8:45":2,"b:10:2:11:Infinity:undefined:undefined:undefined:undefined":1,"s:10:2:11:Infinity":3,"s:11:4:11:Infinity":4,"s:14:2:14:Infinity":5},"fnNames":{}}}
,"C:\\Users\\Kevin\\Projetos Kevin\\TaskFlow\\frontend\\src\\api\\comments.js": {"path":"C:\\Users\\Kevin\\Projetos Kevin\\TaskFlow\\frontend\\src\\api\\comments.js","statementMap":{"0":{"start":{"line":3,"column":27},"end":{"line":5,"column":null}},"1":{"start":{"line":4,"column":19},"end":{"line":4,"column":83}},"2":{"start":{"line":5,"column":2},"end":{"line":5,"column":null}},"3":{"start":{"line":8,"column":29},"end":{"line":10,"column":null}},"4":{"start":{"line":9,"column":19},"end":{"line":9,"column":97}},"5":{"start":{"line":10,"column":2},"end":{"line":10,"column":null}},"6":{"start":{"line":13,"column":29},"end":{"line":14,"column":null}},"7":{"start":{"line":14,"column":2},"end":{"line":14,"column":null}}},"fnMap":{"0":{"name":"(anonymous_0)","decl":{"start":{"line":3,"column":27},"end":{"line":3,"column":34}},"loc":{"start":{"line":3,"column":56},"end":{"line":5,"column":null}},"line":3},"1":{"name":"(anonymous_1)","decl":{"start":{"line":8,"column":29},"end":{"line":8,"column":36}},"loc":{"start":{"line":8,"column":67},"end":{"line":10,"column":null}},"line":8},"2":{"name":"(anonymous_2)","decl":{"start":{"line":13,"column":29},"end":{"line":13,"column":36}},"loc":{"start":{"line":13,"column":69},"end":{"line":14,"column":null}},"line":13}},"branchMap":{},"s":{"0":1,"1":1,"2":1,"3":1,"4":0,"5":0,"6":1,"7":0},"f":{"0":1,"1":0,"2":0},"b":{},"meta":{"lastBranch":0,"lastFunction":3,"lastStatement":8,"seen":{"s:3:27:5:Infinity":0,"f:3:27:3:34":0,"s:4:19:4:83":1,"s:5:2:5:Infinity":2,"s:8:29:10:Infinity":3,"f:8:29:8:36":1,"s:9:19:9:97":4,"s:10:2:10:Infinity":5,"s:13:29:14:Infinity":6,"f:13:29:13:36":2,"s:14:2:14:Infinity":7},"fnNames":{}}}
,"C:\\Users\\Kevin\\Projetos Kevin\\TaskFlow\\frontend\\src\\assets\\comment.png": {"path":"C:\\Users\\Kevin\\Projetos Kevin\\TaskFlow\\frontend\\src\\assets\\comment.png","statementMap":{},"fnMap":{},"branchMap":{},"s":{},"f":{},"b":{},"meta":{"lastBranch":0,"lastFunction":0,"lastStatement":0,"seen":{},"fnNames":{}}}
,"C:\\Users\\Kevin\\Projetos Kevin\\TaskFlow\\frontend\\src\\components\\TaskCard.css": {"path":"C:\\Users\\Kevin\\Projetos Kevin\\TaskFlow\\frontend\\src\\components\\TaskCard.css","statementMap":{},"fnMap":{},"branchMap":{},"s":{},"f":{},"b":{},"meta":{"lastBranch":0,"lastFunction":0,"lastStatement":0,"seen":{},"fnNames":{}}}
,"C:\\Users\\Kevin\\Projetos Kevin\\TaskFlow\\frontend\\src\\components\\TaskCard.tsx": {"path":"C:\\Users\\Kevin\\Projetos Kevin\\TaskFlow\\frontend\\src\\components\\TaskCard.tsx","statementMap":{"0":{"start":{"line":14,"column":10},"end":{"line":14,"column":50}},"1":{"start":{"line":15,"column":23},"end":{"line":15,"column":53}},"2":{"start":{"line":16,"column":24},"end":{"line":16,"column":null}},"3":{"start":{"line":18,"column":2},"end":{"line":23,"column":null}},"4":{"start":{"line":19,"column":4},"end":{"line":19,"column":null}},"5":{"start":{"line":20,"column":13},"end":{"line":23,"column":null}},"6":{"start":{"line":21,"column":4},"end":{"line":21,"column":null}},"7":{"start":{"line":22,"column":13},"end":{"line":23,"column":null}},"8":{"start":{"line":23,"column":4},"end":{"line":23,"column":null}},"9":{"start":{"line":26,"column":56},"end":{"line":30,"column":6}},"10":{"start":{"line":32,"column":36},"end":{"line":37,"column":null}},"11":{"start":{"line":39,"column":19},"end":{"line":39,"column":42}},"12":{"start":{"line":40,"column":2},"end":{"line":40,"column":null}},"13":{"start":{"line":41,"column":23},"end":{"line":47,"column":null}},"14":{"start":{"line":50,"column":30},"end":{"line":52,"column":null}},"15":{"start":{"line":51,"column":21},"end":{"line":51,"column":64}},"16":{"start":{"line":52,"column":4},"end":{"line":52,"column":null}},"17":{"start":{"line":55,"column":2},"end":{"line":57,"column":null}},"18":{"start":{"line":56,"column":4},"end":{"line":56,"column":null}},"19":{"start":{"line":59,"column":2},"end":{"line":116,"column":null}},"20":{"start":{"line":84,"column":35},"end":{"line":84,"column":54}},"21":{"start":{"line":88,"column":27},"end":{"line":88,"column":47}},"22":{"start":{"line":101,"column":30},"end":{"line":101,"column":49}},"23":{"start":{"line":106,"column":25},"end":{"line":106,"column":37}},"24":{"start":{"line":113,"column":25},"end":{"line":113,"column":42}}},"fnMap":{"0":{"name":"TaskCard","decl":{"start":{"line":13,"column":24},"end":{"line":13,"column":33}},"loc":{"start":{"line":13,"column":246},"end":{"line":116,"column":null}},"line":13},"1":{"name":"(anonymous_1)","decl":{"start":{"line":50,"column":30},"end":{"line":50,"column":42}},"loc":{"start":{"line":50,"column":42},"end":{"line":52,"column":null}},"line":50},"2":{"name":"(anonymous_2)","decl":{"start":{"line":55,"column":2},"end":{"line":55,"column":18}},"loc":{"start":{"line":55,"column":18},"end":{"line":57,"column":6}},"line":55},"3":{"name":"(anonymous_3)","decl":{"start":{"line":84,"column":13},"end":{"line":84,"column":29}},"loc":{"start":{"line":84,"column":35},"end":{"line":84,"column":54}},"line":84},"4":{"name":"(anonymous_4)","decl":{"start":{"line":88,"column":12},"end":{"line":88,"column":27}},"loc":{"start":{"line":88,"column":27},"end":{"line":88,"column":47}},"line":88},"5":{"name":"(anonymous_5)","decl":{"start":{"line":101,"column":8},"end":{"line":101,"column":24}},"loc":{"start":{"line":101,"column":30},"end":{"line":101,"column":49}},"line":101},"6":{"name":"(anonymous_6)","decl":{"start":{"line":106,"column":10},"end":{"line":106,"column":25}},"loc":{"start":{"line":106,"column":25},"end":{"line":106,"column":37}},"line":106},"7":{"name":"(anonymous_7)","decl":{"start":{"line":113,"column":10},"end":{"line":113,"column":25}},"loc":{"start":{"line":113,"column":25},"end":{"line":113,"column":42}},"line":113}},"branchMap":{"0":{"loc":{"start":{"line":16,"column":24},"end":{"line":16,"column":null}},"type":"cond-expr","locations":[{"start":{"line":16,"column":53},"end":{"line":16,"column":68}},{"start":{"line":16,"column":68},"end":{"line":16,"column":null}}],"line":16},"1":{"loc":{"start":{"line":18,"column":2},"end":{"line":23,"column":null}},"type":"if","locations":[{"start":{"line":18,"column":2},"end":{"line":23,"column":null}},{"start":{"line":20,"column":13},"end":{"line":23,"column":null}}],"line":18},"2":{"loc":{"start":{"line":19,"column":20},"end":{"line":19,"column":null}},"type":"cond-expr","locations":[{"start":{"line":19,"column":40},"end":{"line":19,"column":49}},{"start":{"line":19,"column":49},"end":{"line":19,"column":null}}],"line":19},"3":{"loc":{"start":{"line":20,"column":13},"end":{"line":23,"column":null}},"type":"if","locations":[{"start":{"line":20,"column":13},"end":{"line":23,"column":null}},{"start":{"line":22,"column":13},"end":{"line":23,"column":null}}],"line":20},"4":{"loc":{"start":{"line":21,"column":20},"end":{"line":21,"column":null}},"type":"cond-expr","locations":[{"start":{"line":21,"column":40},"end":{"line":21,"column":51}},{"start":{"line":21,"column":51},"end":{"line":21,"column":null}}],"line":21},"5":{"loc":{"start":{"line":22,"column":13},"end":{"line":23,"column":null}},"type":"if","locations":[{"start":{"line":22,"column":13},"end":{"line":23,"column":null}},{"start":{},"end":{}}],"line":22},"6":{"loc":{"start":{"line":23,"column":20},"end":{"line":23,"column":null}},"type":"cond-expr","locations":[{"start":{"line":23,"column":40},"end":{"line":23,"column":48}},{"start":{"line":23,"column":48},"end":{"line":23,"column":null}}],"line":23},"7":{"loc":{"start":{"line":35,"column":13},"end":{"line":35,"column":null}},"type":"cond-expr","locations":[{"start":{"line":35,"column":26},"end":{"line":35,"column":30}},{"start":{"line":35,"column":30},"end":{"line":35,"column":null}}],"line":35},"8":{"loc":{"start":{"line":36,"column":19},"end":{"line":36,"column":null}},"type":"cond-expr","locations":[{"start":{"line":36,"column":32},"end":{"line":36,"column":41}},{"start":{"line":36,"column":41},"end":{"line":36,"column":null}}],"line":36},"9":{"loc":{"start":{"line":42,"column":7},"end":{"line":42,"column":null}},"type":"cond-expr","locations":[{"start":{"line":42,"column":27},"end":{"line":42,"column":37}},{"start":{"line":42,"column":37},"end":{"line":42,"column":null}}],"line":42},"10":{"loc":{"start":{"line":74,"column":7},"end":{"line":74,"column":null}},"type":"binary-expr","locations":[{"start":{"line":74,"column":7},"end":{"line":74,"column":27}},{"start":{"line":74,"column":27},"end":{"line":74,"column":null}}],"line":74},"11":{"loc":{"start":{"line":77,"column":9},"end":{"line":84,"column":9}},"type":"binary-expr","locations":[{"start":{"line":77,"column":9},"end":{"line":77,"column":null}},{"start":{"line":78,"column":10},"end":{"line":84,"column":9}}],"line":77},"12":{"loc":{"start":{"line":79,"column":13},"end":{"line":79,"column":58}},"type":"cond-expr","locations":[{"start":{"line":79,"column":33},"end":{"line":79,"column":48}},{"start":{"line":79,"column":48},"end":{"line":79,"column":58}}],"line":79},"13":{"loc":{"start":{"line":95,"column":13},"end":{"line":95,"column":null}},"type":"cond-expr","locations":[{"start":{"line":95,"column":33},"end":{"line":95,"column":null}},{"start":{"line":95,"column":66},"end":{"line":95,"column":null}}],"line":95},"14":{"loc":{"start":{"line":108,"column":11},"end":{"line":108,"column":null}},"type":"cond-expr","locations":[{"start":{"line":108,"column":31},"end":{"line":108,"column":40}},{"start":{"line":108,"column":40},"end":{"line":108,"column":null}}],"line":108},"15":{"loc":{"start":{"line":115,"column":11},"end":{"line":115,"column":null}},"type":"cond-expr","locations":[{"start":{"line":115,"column":31},"end":{"line":115,"column":42}},{"start":{"line":115,"column":42},"end":{"line":115,"column":null}}],"line":115}},"s":{"0":1,"1":1,"2":1,"3":1,"4":0,"5":1,"6":1,"7":0,"8":0,"9":1,"10":1,"11":1,"12":1,"13":1,"14":1,"15":1,"16":1,"17":1,"18":1,"19":1,"20":0,"21":0,"22":0,"23":0,"24":0},"f":{"0":1,"1":1,"2":1,"3":0,"4":0,"5":0,"6":0,"7":0},"b":{"0":[0,1],"1":[0,1],"2":[0,0],"3":[1,0],"4":[1,0],"5":[0,0],"6":[0,0],"7":[0,1],"8":[0,1],"9":[1,0],"10":[1,1],"11":[1,0],"12":[0,0],"13":[0,1],"14":[1,0],"15":[1,0]},"meta":{"lastBranch":16,"lastFunction":8,"lastStatement":25,"seen":{"f:13:24:13:33":0,"s:14:10:14:50":0,"s:15:23:15:53":1,"s:16:24:16:Infinity":2,"b:16:53:16:68:16:68:16:Infinity":0,"b:18:2:23:Infinity:20:13:23:Infinity":1,"s:18:2:23:Infinity":3,"s:19:4:19:Infinity":4,"b:19:40:19:49:19:49:19:Infinity":2,"b:20:13:23:Infinity:22:13:23:Infinity":3,"s:20:13:23:Infinity":5,"s:21:4:21:Infinity":6,"b:21:40:21:51:21:51:21:Infinity":4,"b:22:13:23:Infinity:undefined:undefined:undefined:undefined":5,"s:22:13:23:Infinity":7,"s:23:4:23:Infinity":8,"b:23:40:23:48:23:48:23:Infinity":6,"s:26:56:30:6":9,"s:32:36:37:Infinity":10,"b:35:26:35:30:35:30:35:Infinity":7,"b:36:32:36:41:36:41:36:Infinity":8,"s:39:19:39:42":11,"s:40:2:40:Infinity":12,"s:41:23:47:Infinity":13,"b:42:27:42:37:42:37:42:Infinity":9,"s:50:30:52:Infinity":14,"f:50:30:50:42":1,"s:51:21:51:64":15,"s:52:4:52:Infinity":16,"s:55:2:57:Infinity":17,"f:55:2:55:18":2,"s:56:4:56:Infinity":18,"s:59:2:116:Infinity":19,"b:74:7:74:27:74:27:74:Infinity":10,"b:77:9:77:Infinity:78:10:84:9":11,"b:79:33:79:48:79:48:79:58":12,"f:84:13:84:29":3,"s:84:35:84:54":20,"f:88:12:88:27":4,"s:88:27:88:47":21,"b:95:33:95:Infinity:95:66:95:Infinity":13,"f:101:8:101:24":5,"s:101:30:101:49":22,"f:106:10:106:25":6,"s:106:25:106:37":23,"b:108:31:108:40:108:40:108:Infinity":14,"f:113:10:113:25":7,"s:113:25:113:42":24,"b:115:31:115:42:115:42:115:Infinity":15},"fnNames":{}}}
,"C:\\Users\\Kevin\\Projetos Kevin\\TaskFlow\\frontend\\src\\contexts\\LanguageContext.jsx": {"path":"C:\\Users\\Kevin\\Projetos Kevin\\TaskFlow\\frontend\\src\\contexts\\LanguageContext.jsx","statementMap":{"0":{"start":{"line":3,"column":6},"end":{"line":3,"column":39}},"1":{"start":{"line":5,"column":13},"end":{"line":20,"column":null}},"2":{"start":{"line":6,"column":15},"end":{"line":6,"column":null}},"3":{"start":{"line":7,"column":22},"end":{"line":7,"column":null}},"4":{"start":{"line":9,"column":19},"end":{"line":10,"column":null}},"5":{"start":{"line":10,"column":10},"end":{"line":10,"column":null}},"6":{"start":{"line":13,"column":2},"end":{"line":15,"column":null}},"7":{"start":{"line":14,"column":4},"end":{"line":14,"column":null}},"8":{"start":{"line":17,"column":2},"end":{"line":20,"column":null}}},"fnMap":{"0":{"name":"(anonymous_0)","decl":{"start":{"line":5,"column":13},"end":{"line":5,"column":33}},"loc":{"start":{"line":5,"column":50},"end":{"line":20,"column":null}},"line":5},"1":{"name":"(anonymous_1)","decl":{"start":{"line":9,"column":34},"end":{"line":9,"column":null}},"loc":{"start":{"line":10,"column":10},"end":{"line":10,"column":null}},"line":10},"2":{"name":"(anonymous_2)","decl":{"start":{"line":13,"column":2},"end":{"line":13,"column":18}},"loc":{"start":{"line":13,"column":18},"end":{"line":15,"column":6}},"line":13}},"branchMap":{"0":{"loc":{"start":{"line":6,"column":15},"end":{"line":6,"column":null}},"type":"binary-expr","locations":[{"start":{"line":6,"column":15},"end":{"line":6,"column":37}},{"start":{"line":6,"column":37},"end":{"line":6,"column":null}}],"line":6},"1":{"loc":{"start":{"line":7,"column":22},"end":{"line":7,"column":null}},"type":"cond-expr","locations":[{"start":{"line":7,"column":46},"end":{"line":7,"column":53}},{"start":{"line":7,"column":53},"end":{"line":7,"column":null}}],"line":7},"2":{"loc":{"start":{"line":10,"column":10},"end":{"line":10,"column":null}},"type":"binary-expr","locations":[{"start":{"line":10,"column":10},"end":{"line":10,"column":42}},{"start":{"line":10,"column":46},"end":{"line":10,"column":null}}],"line":10}},"s":{"0":1,"1":1,"2":0,"3":0,"4":0,"5":0,"6":0,"7":0,"8":0},"f":{"0":0,"1":0,"2":0},"b":{"0":[0,0],"1":[0,0],"2":[0,0]},"meta":{"lastBranch":3,"lastFunction":3,"lastStatement":9,"seen":{"s:3:6:3:39":0,"s:5:13:20:Infinity":1,"f:5:13:5:33":0,"s:6:15:6:Infinity":2,"b:6:15:6:37:6:37:6:Infinity":0,"s:7:22:7:Infinity":3,"b:7:46:7:53:7:53:7:Infinity":1,"s:9:19:10:Infinity":4,"f:9:34:9:Infinity":1,"s:10:10:10:Infinity":5,"b:10:10:10:42:10:46:10:Infinity":2,"s:13:2:15:Infinity":6,"f:13:2:13:18":2,"s:14:4:14:Infinity":7,"s:17:2:20:Infinity":8},"fnNames":{}}}
,"C:\\Users\\Kevin\\Projetos Kevin\\TaskFlow\\frontend\\src\\mocks\\handlers.ts": {"path":"C:\\Users\\Kevin\\Projetos Kevin\\TaskFlow\\frontend\\src\\mocks\\handlers.ts","statementMap":{"0":{"start":{"line":6,"column":24},"end":{"line":78,"column":null}},"1":{"start":{"line":9,"column":4},"end":{"line":12,"column":null}},"2":{"start":{"line":17,"column":42},"end":{"line":17,"column":62}},"3":{"start":{"line":18,"column":4},"end":{"line":24,"column":null}},"4":{"start":{"line":29,"column":4},"end":{"line":44,"column":null}},"5":{"start":{"line":49,"column":26},"end":{"line":49,"column":null}},"6":{"start":{"line":50,"column":4},"end":{"line":71,"column":null}},"7":{"start":{"line":76,"column":4},"end":{"line":76,"column":null}}},"fnMap":{"0":{"name":"(anonymous_0)","decl":{"start":{"line":8,"column":62},"end":{"line":8,"column":74}},"loc":{"start":{"line":8,"column":74},"end":{"line":13,"column":null}},"line":8},"1":{"name":"(anonymous_1)","decl":{"start":{"line":16,"column":63},"end":{"line":16,"column":70}},"loc":{"start":{"line":16,"column":86},"end":{"line":25,"column":null}},"line":16},"2":{"name":"(anonymous_2)","decl":{"start":{"line":28,"column":52},"end":{"line":28,"column":64}},"loc":{"start":{"line":28,"column":64},"end":{"line":45,"column":null}},"line":28},"3":{"name":"(anonymous_3)","decl":{"start":{"line":48,"column":66},"end":{"line":48,"column":73}},"loc":{"start":{"line":48,"column":88},"end":{"line":72,"column":null}},"line":48},"4":{"name":"(anonymous_4)","decl":{"start":{"line":75,"column":59},"end":{"line":75,"column":71}},"loc":{"start":{"line":75,"column":71},"end":{"line":76,"column":null}},"line":75}},"branchMap":{},"s":{"0":1,"1":0,"2":0,"3":0,"4":0,"5":0,"6":0,"7":1},"f":{"0":0,"1":0,"2":0,"3":0,"4":1},"b":{},"meta":{"lastBranch":0,"lastFunction":5,"lastStatement":8,"seen":{"s:6:24:78:Infinity":0,"f:8:62:8:74":0,"s:9:4:12:Infinity":1,"f:16:63:16:70":1,"s:17:42:17:62":2,"s:18:4:24:Infinity":3,"f:28:52:28:64":2,"s:29:4:44:Infinity":4,"f:48:66:48:73":3,"s:49:26:49:Infinity":5,"s:50:4:71:Infinity":6,"f:75:59:75:71":4,"s:76:4:76:Infinity":7},"fnNames":{}}}
,"C:\\Users\\Kevin\\Projetos Kevin\\TaskFlow\\frontend\\src\\mocks\\server.ts": {"path":"C:\\Users\\Kevin\\Projetos Kevin\\TaskFlow\\frontend\\src\\mocks\\server.ts","statementMap":{"0":{"start":{"line":5,"column":13},"end":{"line":5,"column":46}}},"fnMap":{},"branchMap":{},"s":{"0":1},"f":{},"b":{},"meta":{"lastBranch":0,"lastFunction":0,"lastStatement":1,"seen":{"s:5:13:5:46":0},"fnNames":{}}}
}
